mode: set
github.com/yzrzr/go-util/collect/array_list.go:29.98,36.2 1 1
github.com/yzrzr/go-util/collect/array_list.go:46.35,48.2 1 1
github.com/yzrzr/go-util/collect/array_list.go:50.39,52.2 1 1
github.com/yzrzr/go-util/collect/array_list.go:54.43,56.2 1 1
github.com/yzrzr/go-util/collect/array_list.go:58.47,60.2 1 1
github.com/yzrzr/go-util/collect/array_list.go:62.38,63.17 1 1
github.com/yzrzr/go-util/collect/array_list.go:63.17,65.3 1 0
github.com/yzrzr/go-util/collect/array_list.go:66.2,68.12 3 1
github.com/yzrzr/go-util/collect/array_list.go:71.38,76.2 4 1
github.com/yzrzr/go-util/collect/array_list.go:78.41,79.36 1 1
github.com/yzrzr/go-util/collect/array_list.go:79.36,81.3 1 1
github.com/yzrzr/go-util/collect/array_list.go:84.48,85.36 1 1
github.com/yzrzr/go-util/collect/array_list.go:85.36,87.3 1 1
github.com/yzrzr/go-util/collect/array_list.go:90.58,92.20 2 1
github.com/yzrzr/go-util/collect/array_list.go:92.20,93.57 1 1
github.com/yzrzr/go-util/collect/array_list.go:93.57,95.4 1 1
github.com/yzrzr/go-util/collect/array_list.go:97.2,97.13 1 1
github.com/yzrzr/go-util/collect/array_list.go:100.48,103.14 3 1
github.com/yzrzr/go-util/collect/array_list.go:103.14,105.3 1 0
github.com/yzrzr/go-util/collect/array_list.go:106.2,108.15 3 1
github.com/yzrzr/go-util/collect/array_list.go:111.55,112.36 1 1
github.com/yzrzr/go-util/collect/array_list.go:112.36,114.3 1 1
github.com/yzrzr/go-util/collect/array_list.go:117.58,119.2 1 1
github.com/yzrzr/go-util/collect/array_list.go:121.66,122.12 1 1
github.com/yzrzr/go-util/collect/array_list.go:122.12,124.3 1 1
github.com/yzrzr/go-util/collect/array_list.go:124.8,124.20 1 1
github.com/yzrzr/go-util/collect/array_list.go:124.20,126.3 1 1
github.com/yzrzr/go-util/collect/array_list.go:127.2,129.30 3 1
github.com/yzrzr/go-util/collect/array_list.go:129.30,130.31 1 1
github.com/yzrzr/go-util/collect/array_list.go:130.31,133.16 3 1
github.com/yzrzr/go-util/collect/array_list.go:133.16,134.10 1 1
github.com/yzrzr/go-util/collect/array_list.go:138.2,138.14 1 1
github.com/yzrzr/go-util/collect/array_list.go:138.14,140.3 1 1
github.com/yzrzr/go-util/collect/array_list.go:141.2,143.23 3 1
github.com/yzrzr/go-util/collect/array_list.go:143.23,145.41 2 1
github.com/yzrzr/go-util/collect/array_list.go:145.41,148.4 2 1
github.com/yzrzr/go-util/collect/array_list.go:149.3,149.17 1 1
github.com/yzrzr/go-util/collect/array_list.go:149.17,151.4 1 1
github.com/yzrzr/go-util/collect/array_list.go:151.9,153.4 1 1
github.com/yzrzr/go-util/collect/array_list.go:154.3,157.6 4 1
github.com/yzrzr/go-util/collect/array_list.go:159.2,159.30 1 1
github.com/yzrzr/go-util/collect/array_list.go:159.30,161.3 1 1
github.com/yzrzr/go-util/collect/array_list.go:162.2,163.12 2 1
github.com/yzrzr/go-util/collect/array_list.go:166.55,167.36 1 1
github.com/yzrzr/go-util/collect/array_list.go:167.36,169.3 1 1
github.com/yzrzr/go-util/collect/array_list.go:172.32,173.30 1 1
github.com/yzrzr/go-util/collect/array_list.go:173.30,175.3 1 1
github.com/yzrzr/go-util/collect/array_list.go:176.2,176.12 1 1
github.com/yzrzr/go-util/collect/array_list.go:179.53,181.2 1 1
github.com/yzrzr/go-util/collect/array_list.go:183.53,185.34 2 1
github.com/yzrzr/go-util/collect/array_list.go:185.34,187.17 2 1
github.com/yzrzr/go-util/collect/array_list.go:187.17,189.4 1 1
github.com/yzrzr/go-util/collect/array_list.go:191.2,191.12 1 1
github.com/yzrzr/go-util/collect/array_list.go:194.62,195.21 1 1
github.com/yzrzr/go-util/collect/array_list.go:195.21,197.3 1 1
github.com/yzrzr/go-util/collect/array_list.go:198.2,198.30 1 1
github.com/yzrzr/go-util/collect/array_list.go:198.30,200.3 1 1
github.com/yzrzr/go-util/collect/array_list.go:203.47,204.57 1 1
github.com/yzrzr/go-util/collect/array_list.go:204.57,206.3 1 1
github.com/yzrzr/go-util/collect/array_list.go:209.50,210.44 1 1
github.com/yzrzr/go-util/collect/array_list.go:210.44,212.3 1 1
github.com/yzrzr/go-util/collect/array_list.go:213.2,213.34 1 1
github.com/yzrzr/go-util/collect/array_list.go:216.55,218.16 2 1
github.com/yzrzr/go-util/collect/array_list.go:218.16,220.3 1 1
github.com/yzrzr/go-util/collect/array_list.go:221.2,222.17 2 1
github.com/yzrzr/go-util/collect/array_list.go:225.52,226.44 1 1
github.com/yzrzr/go-util/collect/array_list.go:226.44,228.3 1 1
github.com/yzrzr/go-util/collect/array_list.go:229.2,233.12 5 1
github.com/yzrzr/go-util/collect/array_list.go:236.55,238.16 2 1
github.com/yzrzr/go-util/collect/array_list.go:238.16,240.3 1 1
github.com/yzrzr/go-util/collect/array_list.go:241.2,243.17 3 1
github.com/yzrzr/go-util/collect/array_list.go:246.41,247.30 1 1
github.com/yzrzr/go-util/collect/array_list.go:247.30,248.46 1 1
github.com/yzrzr/go-util/collect/array_list.go:248.46,250.4 1 1
github.com/yzrzr/go-util/collect/array_list.go:252.2,252.11 1 1
github.com/yzrzr/go-util/collect/array_list.go:255.45,256.35 1 1
github.com/yzrzr/go-util/collect/array_list.go:256.35,257.46 1 1
github.com/yzrzr/go-util/collect/array_list.go:257.46,259.4 1 1
github.com/yzrzr/go-util/collect/array_list.go:261.2,261.11 1 1
github.com/yzrzr/go-util/collect/array_list.go:264.55,266.2 1 1
github.com/yzrzr/go-util/collect/array_list.go:268.66,270.2 1 1
github.com/yzrzr/go-util/collect/array_list.go:272.64,281.2 3 1
github.com/yzrzr/go-util/collect/array_list.go:283.46,284.31 1 1
github.com/yzrzr/go-util/collect/array_list.go:284.31,286.3 1 1
github.com/yzrzr/go-util/collect/array_list.go:287.2,289.34 3 1
github.com/yzrzr/go-util/collect/array_list.go:289.34,291.3 1 1
github.com/yzrzr/go-util/collect/array_list.go:291.8,292.23 1 1
github.com/yzrzr/go-util/collect/array_list.go:292.23,294.4 1 1
github.com/yzrzr/go-util/collect/array_list.go:294.9,295.53 1 1
github.com/yzrzr/go-util/collect/array_list.go:295.53,297.5 1 1
github.com/yzrzr/go-util/collect/array_list.go:298.4,298.24 1 1
github.com/yzrzr/go-util/collect/array_list.go:298.24,300.5 1 0
github.com/yzrzr/go-util/collect/array_list.go:303.2,306.26 4 1
github.com/yzrzr/go-util/collect/array_list.go:309.52,310.34 1 1
github.com/yzrzr/go-util/collect/array_list.go:310.34,312.3 1 1
github.com/yzrzr/go-util/collect/array_list.go:313.2,313.12 1 1
github.com/yzrzr/go-util/collect/array_list.go:316.40,319.30 3 1
github.com/yzrzr/go-util/collect/array_list.go:319.30,321.19 2 1
github.com/yzrzr/go-util/collect/array_list.go:321.19,323.4 1 1
github.com/yzrzr/go-util/collect/array_list.go:325.2,326.23 2 1
github.com/yzrzr/go-util/collect/array_list.go:329.76,331.2 1 1
github.com/yzrzr/go-util/collect/array_list.go:341.32,343.2 1 1
github.com/yzrzr/go-util/collect/array_list.go:345.42,347.2 1 1
github.com/yzrzr/go-util/collect/array_list.go:349.37,350.19 1 1
github.com/yzrzr/go-util/collect/array_list.go:350.19,352.3 1 1
github.com/yzrzr/go-util/collect/array_list.go:352.8,354.3 1 0
github.com/yzrzr/go-util/collect/collection.go:81.57,83.2 1 1
github.com/yzrzr/go-util/collect/func.go:25.45,26.12 1 1
github.com/yzrzr/go-util/collect/func.go:26.12,28.3 1 1
github.com/yzrzr/go-util/collect/func.go:29.2,29.26 1 1
github.com/yzrzr/go-util/collect/func.go:29.26,31.3 1 1
github.com/yzrzr/go-util/collect/func.go:32.2,35.39 4 1
github.com/yzrzr/go-util/collect/func.go:35.39,38.62 3 1
github.com/yzrzr/go-util/collect/func.go:38.62,40.4 1 1
github.com/yzrzr/go-util/collect/func.go:42.2,42.44 1 1
github.com/yzrzr/go-util/collect/func.go:48.67,49.9 1 1
github.com/yzrzr/go-util/collect/func.go:49.9,50.30 1 1
github.com/yzrzr/go-util/collect/func.go:50.30,52.4 1 1
github.com/yzrzr/go-util/collect/func.go:54.2,54.29 1 1
github.com/yzrzr/go-util/collect/func.go:54.29,56.3 1 1
github.com/yzrzr/go-util/collect/func.go:62.76,63.9 1 1
github.com/yzrzr/go-util/collect/func.go:63.9,64.30 1 1
github.com/yzrzr/go-util/collect/func.go:64.30,66.4 1 1
github.com/yzrzr/go-util/collect/func.go:68.2,68.29 1 1
github.com/yzrzr/go-util/collect/func.go:68.29,70.3 1 1
github.com/yzrzr/go-util/collect/hash_set.go:31.33,33.2 1 1
github.com/yzrzr/go-util/collect/hash_set.go:35.37,37.2 1 1
github.com/yzrzr/go-util/collect/hash_set.go:39.41,42.2 2 1
github.com/yzrzr/go-util/collect/hash_set.go:44.45,46.2 1 1
github.com/yzrzr/go-util/collect/hash_set.go:48.36,50.24 2 1
github.com/yzrzr/go-util/collect/hash_set.go:50.24,52.3 1 1
github.com/yzrzr/go-util/collect/hash_set.go:53.2,53.12 1 1
github.com/yzrzr/go-util/collect/hash_set.go:56.36,57.28 1 1
github.com/yzrzr/go-util/collect/hash_set.go:57.28,59.3 1 1
github.com/yzrzr/go-util/collect/hash_set.go:60.2,61.13 2 1
github.com/yzrzr/go-util/collect/hash_set.go:64.39,65.28 1 1
github.com/yzrzr/go-util/collect/hash_set.go:65.28,68.3 2 1
github.com/yzrzr/go-util/collect/hash_set.go:69.2,69.14 1 1
github.com/yzrzr/go-util/collect/hash_set.go:72.56,74.20 2 1
github.com/yzrzr/go-util/collect/hash_set.go:74.20,75.57 1 1
github.com/yzrzr/go-util/collect/hash_set.go:75.57,77.4 1 1
github.com/yzrzr/go-util/collect/hash_set.go:79.2,79.13 1 1
github.com/yzrzr/go-util/collect/hash_set.go:82.46,83.32 1 1
github.com/yzrzr/go-util/collect/hash_set.go:83.32,86.3 2 1
github.com/yzrzr/go-util/collect/hash_set.go:89.53,90.35 1 1
github.com/yzrzr/go-util/collect/hash_set.go:90.35,92.3 1 1
github.com/yzrzr/go-util/collect/hash_set.go:95.56,97.24 2 1
github.com/yzrzr/go-util/collect/hash_set.go:97.24,98.16 1 1
github.com/yzrzr/go-util/collect/hash_set.go:98.16,101.4 2 1
github.com/yzrzr/go-util/collect/hash_set.go:103.2,103.12 1 1
github.com/yzrzr/go-util/collect/hash_set.go:106.53,107.35 1 1
github.com/yzrzr/go-util/collect/hash_set.go:107.35,109.3 1 1
github.com/yzrzr/go-util/collect/hash_set.go:112.30,114.2 1 1
github.com/yzrzr/go-util/collect/hash_set.go:116.51,117.12 1 1
github.com/yzrzr/go-util/collect/hash_set.go:117.12,119.3 1 1
github.com/yzrzr/go-util/collect/hash_set.go:120.2,120.26 1 1
github.com/yzrzr/go-util/collect/hash_set.go:120.26,122.3 1 1
github.com/yzrzr/go-util/collect/hash_set.go:123.2,123.25 1 1
github.com/yzrzr/go-util/collect/hash_set.go:126.51,128.24 2 1
github.com/yzrzr/go-util/collect/hash_set.go:128.24,129.29 1 1
github.com/yzrzr/go-util/collect/hash_set.go:129.29,131.4 1 1
github.com/yzrzr/go-util/collect/hash_set.go:133.2,133.12 1 1
github.com/yzrzr/go-util/collect/hash_set.go:136.74,138.2 1 0
github.com/yzrzr/go-util/collect/hash_set.go:140.38,145.24 5 1
github.com/yzrzr/go-util/collect/hash_set.go:145.24,147.14 2 1
github.com/yzrzr/go-util/collect/hash_set.go:147.14,149.4 1 1
github.com/yzrzr/go-util/collect/hash_set.go:150.3,150.6 1 1
github.com/yzrzr/go-util/collect/hash_set.go:152.2,153.23 2 1
github.com/yzrzr/go-util/collect/linked_list.go:29.78,34.2 1 1
github.com/yzrzr/go-util/collect/linked_list.go:42.36,44.2 1 1
github.com/yzrzr/go-util/collect/linked_list.go:46.40,48.2 1 1
github.com/yzrzr/go-util/collect/linked_list.go:50.44,52.2 1 1
github.com/yzrzr/go-util/collect/linked_list.go:54.48,56.2 1 1
github.com/yzrzr/go-util/collect/linked_list.go:58.39,60.15 2 1
github.com/yzrzr/go-util/collect/linked_list.go:60.15,62.3 1 0
github.com/yzrzr/go-util/collect/linked_list.go:63.2,64.64 2 1
github.com/yzrzr/go-util/collect/linked_list.go:64.64,66.3 1 1
github.com/yzrzr/go-util/collect/linked_list.go:67.2,67.12 1 1
github.com/yzrzr/go-util/collect/linked_list.go:70.39,73.2 2 1
github.com/yzrzr/go-util/collect/linked_list.go:75.42,76.36 1 1
github.com/yzrzr/go-util/collect/linked_list.go:76.36,78.3 1 1
github.com/yzrzr/go-util/collect/linked_list.go:81.49,82.36 1 1
github.com/yzrzr/go-util/collect/linked_list.go:82.36,84.3 1 1
github.com/yzrzr/go-util/collect/linked_list.go:87.59,89.20 2 1
github.com/yzrzr/go-util/collect/linked_list.go:89.20,90.57 1 1
github.com/yzrzr/go-util/collect/linked_list.go:90.57,92.4 1 1
github.com/yzrzr/go-util/collect/linked_list.go:94.2,94.13 1 1
github.com/yzrzr/go-util/collect/linked_list.go:97.49,98.28 1 1
github.com/yzrzr/go-util/collect/linked_list.go:98.28,101.3 2 1
github.com/yzrzr/go-util/collect/linked_list.go:104.56,105.36 1 1
github.com/yzrzr/go-util/collect/linked_list.go:105.36,107.3 1 1
github.com/yzrzr/go-util/collect/linked_list.go:110.59,112.2 1 1
github.com/yzrzr/go-util/collect/linked_list.go:114.67,115.12 1 1
github.com/yzrzr/go-util/collect/linked_list.go:115.12,117.3 1 1
github.com/yzrzr/go-util/collect/linked_list.go:117.8,117.20 1 1
github.com/yzrzr/go-util/collect/linked_list.go:117.20,119.3 1 1
github.com/yzrzr/go-util/collect/linked_list.go:120.2,121.74 2 1
github.com/yzrzr/go-util/collect/linked_list.go:121.74,123.28 2 1
github.com/yzrzr/go-util/collect/linked_list.go:123.28,126.16 3 1
github.com/yzrzr/go-util/collect/linked_list.go:126.16,127.10 1 1
github.com/yzrzr/go-util/collect/linked_list.go:131.2,131.12 1 1
github.com/yzrzr/go-util/collect/linked_list.go:134.56,135.36 1 1
github.com/yzrzr/go-util/collect/linked_list.go:135.36,137.3 1 1
github.com/yzrzr/go-util/collect/linked_list.go:140.33,141.29 1 1
github.com/yzrzr/go-util/collect/linked_list.go:141.29,143.3 1 1
github.com/yzrzr/go-util/collect/linked_list.go:146.54,148.2 1 1
github.com/yzrzr/go-util/collect/linked_list.go:150.54,152.58 2 1
github.com/yzrzr/go-util/collect/linked_list.go:152.58,153.41 1 1
github.com/yzrzr/go-util/collect/linked_list.go:153.41,155.4 1 1
github.com/yzrzr/go-util/collect/linked_list.go:157.2,157.12 1 1
github.com/yzrzr/go-util/collect/linked_list.go:160.63,161.21 1 1
github.com/yzrzr/go-util/collect/linked_list.go:161.21,163.3 1 1
github.com/yzrzr/go-util/collect/linked_list.go:164.2,164.58 1 1
github.com/yzrzr/go-util/collect/linked_list.go:164.58,166.3 1 1
github.com/yzrzr/go-util/collect/linked_list.go:169.48,171.72 2 1
github.com/yzrzr/go-util/collect/linked_list.go:171.72,173.3 1 1
github.com/yzrzr/go-util/collect/linked_list.go:174.2,176.41 1 1
github.com/yzrzr/go-util/collect/linked_list.go:176.41,178.4 1 1
github.com/yzrzr/go-util/collect/linked_list.go:179.24,181.4 1 1
github.com/yzrzr/go-util/collect/linked_list.go:183.2,184.72 2 1
github.com/yzrzr/go-util/collect/linked_list.go:184.72,186.3 1 1
github.com/yzrzr/go-util/collect/linked_list.go:189.51,191.16 2 1
github.com/yzrzr/go-util/collect/linked_list.go:191.16,193.3 1 1
github.com/yzrzr/go-util/collect/linked_list.go:194.2,194.31 1 1
github.com/yzrzr/go-util/collect/linked_list.go:197.56,199.16 2 1
github.com/yzrzr/go-util/collect/linked_list.go:199.16,201.3 1 1
github.com/yzrzr/go-util/collect/linked_list.go:202.2,204.17 3 1
github.com/yzrzr/go-util/collect/linked_list.go:207.53,209.16 2 1
github.com/yzrzr/go-util/collect/linked_list.go:209.16,211.3 1 1
github.com/yzrzr/go-util/collect/linked_list.go:212.2,213.12 2 1
github.com/yzrzr/go-util/collect/linked_list.go:216.56,218.16 2 1
github.com/yzrzr/go-util/collect/linked_list.go:218.16,220.3 1 1
github.com/yzrzr/go-util/collect/linked_list.go:221.2,223.17 3 1
github.com/yzrzr/go-util/collect/linked_list.go:226.42,227.100 1 1
github.com/yzrzr/go-util/collect/linked_list.go:227.100,228.47 1 1
github.com/yzrzr/go-util/collect/linked_list.go:228.47,230.4 1 1
github.com/yzrzr/go-util/collect/linked_list.go:232.2,232.11 1 1
github.com/yzrzr/go-util/collect/linked_list.go:235.46,236.108 1 1
github.com/yzrzr/go-util/collect/linked_list.go:236.108,237.47 1 1
github.com/yzrzr/go-util/collect/linked_list.go:237.47,239.4 1 1
github.com/yzrzr/go-util/collect/linked_list.go:241.2,241.11 1 1
github.com/yzrzr/go-util/collect/linked_list.go:244.56,246.2 1 1
github.com/yzrzr/go-util/collect/linked_list.go:248.67,250.2 1 1
github.com/yzrzr/go-util/collect/linked_list.go:252.65,255.49 3 1
github.com/yzrzr/go-util/collect/linked_list.go:255.49,258.3 2 1
github.com/yzrzr/go-util/collect/linked_list.go:259.2,259.22 1 1
github.com/yzrzr/go-util/collect/linked_list.go:262.77,264.2 1 1
github.com/yzrzr/go-util/collect/linked_list.go:266.41,269.58 3 1
github.com/yzrzr/go-util/collect/linked_list.go:269.58,271.24 2 1
github.com/yzrzr/go-util/collect/linked_list.go:271.24,273.4 1 1
github.com/yzrzr/go-util/collect/linked_list.go:275.2,276.23 2 1
github.com/yzrzr/go-util/collect/linked_list.go:279.70,280.44 1 1
github.com/yzrzr/go-util/collect/linked_list.go:280.44,282.3 1 1
github.com/yzrzr/go-util/collect/linked_list.go:283.2,283.29 1 1
github.com/yzrzr/go-util/collect/linked_list.go:283.29,285.30 2 1
github.com/yzrzr/go-util/collect/linked_list.go:285.30,287.4 1 1
github.com/yzrzr/go-util/collect/linked_list.go:288.3,288.18 1 1
github.com/yzrzr/go-util/collect/linked_list.go:290.2,291.40 2 1
github.com/yzrzr/go-util/collect/linked_list.go:291.40,293.3 1 1
github.com/yzrzr/go-util/collect/linked_list.go:294.2,294.17 1 1
github.com/yzrzr/go-util/collect/linked_list.go:297.56,299.2 1 1
github.com/yzrzr/go-util/collect/linked_list.go:301.53,302.36 1 1
github.com/yzrzr/go-util/collect/linked_list.go:302.36,304.3 1 1
github.com/yzrzr/go-util/collect/linked_list.go:305.2,305.12 1 1
github.com/yzrzr/go-util/collect/list.go:105.71,106.33 1 1
github.com/yzrzr/go-util/collect/list.go:106.33,108.3 1 1
github.com/yzrzr/go-util/collect/list.go:109.2,109.32 1 1
github.com/yzrzr/go-util/collect/list.go:109.32,111.3 1 1
github.com/yzrzr/go-util/collect/list.go:112.2,112.35 1 1
github.com/yzrzr/go-util/collect/list.go:112.35,114.3 1 1
github.com/yzrzr/go-util/collect/list.go:115.2,116.43 2 1
github.com/yzrzr/go-util/collect/list.go:116.43,117.73 1 1
github.com/yzrzr/go-util/collect/list.go:117.73,119.4 1 1
github.com/yzrzr/go-util/collect/list.go:120.8,121.96 1 1
github.com/yzrzr/go-util/collect/list.go:121.96,123.4 1 1
github.com/yzrzr/go-util/collect/list.go:125.2,125.17 1 1
github.com/yzrzr/go-util/collect/list.go:125.17,127.3 1 1
github.com/yzrzr/go-util/collect/list.go:128.2,128.13 1 1
github.com/yzrzr/go-util/collect/list.go:131.61,132.34 1 1
github.com/yzrzr/go-util/collect/list.go:132.34,133.78 1 1
github.com/yzrzr/go-util/collect/list.go:133.78,135.4 1 1
github.com/yzrzr/go-util/collect/list.go:139.58,140.59 1 1
github.com/yzrzr/go-util/collect/list.go:140.59,141.20 1 1
github.com/yzrzr/go-util/collect/list.go:142.102,143.19 1 1
github.com/yzrzr/go-util/collect/list.go:145.3,146.30 2 1
github.com/yzrzr/go-util/collect/list.go:146.30,148.4 1 1
github.com/yzrzr/go-util/collect/list.go:149.3,149.35 1 1
github.com/yzrzr/go-util/collect/list_iterator.go:49.70,55.2 1 1
github.com/yzrzr/go-util/collect/list_iterator.go:66.42,67.15 1 1
github.com/yzrzr/go-util/collect/list_iterator.go:67.15,69.3 1 1
github.com/yzrzr/go-util/collect/list_iterator.go:70.2,70.33 1 1
github.com/yzrzr/go-util/collect/list_iterator.go:73.51,74.15 1 1
github.com/yzrzr/go-util/collect/list_iterator.go:74.15,77.3 2 1
github.com/yzrzr/go-util/collect/list_iterator.go:78.2,79.24 2 1
github.com/yzrzr/go-util/collect/list_iterator.go:79.24,82.3 2 1
github.com/yzrzr/go-util/collect/list_iterator.go:83.2,84.16 2 1
github.com/yzrzr/go-util/collect/list_iterator.go:84.16,86.3 1 0
github.com/yzrzr/go-util/collect/list_iterator.go:87.2,89.8 3 1
github.com/yzrzr/go-util/collect/list_iterator.go:92.42,93.15 1 1
github.com/yzrzr/go-util/collect/list_iterator.go:93.15,95.3 1 1
github.com/yzrzr/go-util/collect/list_iterator.go:96.2,96.19 1 1
github.com/yzrzr/go-util/collect/list_iterator.go:96.19,98.3 1 1
github.com/yzrzr/go-util/collect/list_iterator.go:99.2,100.16 2 1
github.com/yzrzr/go-util/collect/list_iterator.go:100.16,102.3 1 0
github.com/yzrzr/go-util/collect/list_iterator.go:103.2,105.12 3 1
github.com/yzrzr/go-util/collect/list_iterator.go:108.70,109.15 1 1
github.com/yzrzr/go-util/collect/list_iterator.go:109.15,111.3 1 1
github.com/yzrzr/go-util/collect/list_iterator.go:112.2,115.35 4 1
github.com/yzrzr/go-util/collect/list_iterator.go:115.35,117.17 2 1
github.com/yzrzr/go-util/collect/list_iterator.go:117.17,119.4 1 0
github.com/yzrzr/go-util/collect/list_iterator.go:120.3,121.17 2 1
github.com/yzrzr/go-util/collect/list_iterator.go:121.17,123.4 1 1
github.com/yzrzr/go-util/collect/list_iterator.go:125.2,125.12 1 1
github.com/yzrzr/go-util/collect/list_iterator.go:128.46,130.2 1 1
github.com/yzrzr/go-util/collect/list_iterator.go:132.55,133.15 1 1
github.com/yzrzr/go-util/collect/list_iterator.go:133.15,136.3 2 1
github.com/yzrzr/go-util/collect/list_iterator.go:137.2,138.11 2 1
github.com/yzrzr/go-util/collect/list_iterator.go:138.11,141.3 2 1
github.com/yzrzr/go-util/collect/list_iterator.go:142.2,143.16 2 1
github.com/yzrzr/go-util/collect/list_iterator.go:143.16,145.3 1 0
github.com/yzrzr/go-util/collect/list_iterator.go:146.2,148.8 3 1
github.com/yzrzr/go-util/collect/list_iterator.go:151.43,153.2 1 1
github.com/yzrzr/go-util/collect/list_iterator.go:155.47,157.2 1 1
github.com/yzrzr/go-util/collect/list_iterator.go:159.35,163.2 3 1
github.com/yzrzr/go-util/collect/list_iterator.go:165.83,172.2 2 1
github.com/yzrzr/go-util/collect/list_iterator.go:183.48,185.2 1 1
github.com/yzrzr/go-util/collect/list_iterator.go:187.57,188.15 1 1
github.com/yzrzr/go-util/collect/list_iterator.go:188.15,191.3 2 1
github.com/yzrzr/go-util/collect/list_iterator.go:192.2,193.16 2 1
github.com/yzrzr/go-util/collect/list_iterator.go:193.16,196.3 2 1
github.com/yzrzr/go-util/collect/list_iterator.go:197.2,200.27 4 1
github.com/yzrzr/go-util/collect/list_iterator.go:203.48,204.15 1 1
github.com/yzrzr/go-util/collect/list_iterator.go:204.15,206.3 1 1
github.com/yzrzr/go-util/collect/list_iterator.go:207.2,207.22 1 1
github.com/yzrzr/go-util/collect/list_iterator.go:207.22,209.3 1 1
github.com/yzrzr/go-util/collect/list_iterator.go:210.2,212.12 3 1
github.com/yzrzr/go-util/collect/list_iterator.go:215.76,216.15 1 1
github.com/yzrzr/go-util/collect/list_iterator.go:216.15,218.3 1 1
github.com/yzrzr/go-util/collect/list_iterator.go:219.2,221.17 3 1
github.com/yzrzr/go-util/collect/list_iterator.go:221.17,223.17 2 1
github.com/yzrzr/go-util/collect/list_iterator.go:223.17,225.4 1 1
github.com/yzrzr/go-util/collect/list_iterator.go:226.3,226.19 1 1
github.com/yzrzr/go-util/collect/list_iterator.go:228.2,228.12 1 1
github.com/yzrzr/go-util/collect/list_iterator.go:231.52,233.2 1 1
github.com/yzrzr/go-util/collect/list_iterator.go:235.61,236.15 1 1
github.com/yzrzr/go-util/collect/list_iterator.go:236.15,239.3 2 1
github.com/yzrzr/go-util/collect/list_iterator.go:240.2,240.22 1 1
github.com/yzrzr/go-util/collect/list_iterator.go:240.22,243.3 2 1
github.com/yzrzr/go-util/collect/list_iterator.go:244.2,248.31 5 1
github.com/yzrzr/go-util/collect/list_iterator.go:251.49,253.2 1 1
github.com/yzrzr/go-util/collect/list_iterator.go:255.53,257.2 1 1
github.com/yzrzr/go-util/collect/list_iterator.go:259.41,263.2 3 1
github.com/yzrzr/go-util/collect/safe_list.go:31.47,36.2 1 1
github.com/yzrzr/go-util/collect/safe_list.go:38.34,42.2 3 1
github.com/yzrzr/go-util/collect/safe_list.go:44.38,48.2 3 1
github.com/yzrzr/go-util/collect/safe_list.go:50.42,54.2 3 1
github.com/yzrzr/go-util/collect/safe_list.go:56.46,58.2 1 1
github.com/yzrzr/go-util/collect/safe_list.go:60.37,64.2 3 1
github.com/yzrzr/go-util/collect/safe_list.go:66.37,70.2 3 1
github.com/yzrzr/go-util/collect/safe_list.go:72.40,76.2 3 1
github.com/yzrzr/go-util/collect/safe_list.go:78.47,82.2 3 1
github.com/yzrzr/go-util/collect/safe_list.go:84.57,88.2 3 1
github.com/yzrzr/go-util/collect/safe_list.go:90.47,94.2 3 1
github.com/yzrzr/go-util/collect/safe_list.go:96.54,100.2 3 1
github.com/yzrzr/go-util/collect/safe_list.go:102.57,106.2 3 1
github.com/yzrzr/go-util/collect/safe_list.go:108.65,112.2 3 1
github.com/yzrzr/go-util/collect/safe_list.go:114.54,118.2 3 1
github.com/yzrzr/go-util/collect/safe_list.go:120.31,124.2 3 1
github.com/yzrzr/go-util/collect/safe_list.go:126.52,130.2 3 1
github.com/yzrzr/go-util/collect/safe_list.go:132.52,136.2 3 1
github.com/yzrzr/go-util/collect/safe_list.go:138.61,142.2 3 1
github.com/yzrzr/go-util/collect/safe_list.go:144.46,148.2 3 1
github.com/yzrzr/go-util/collect/safe_list.go:150.49,154.2 3 1
github.com/yzrzr/go-util/collect/safe_list.go:156.54,160.2 3 1
github.com/yzrzr/go-util/collect/safe_list.go:162.51,166.2 3 1
github.com/yzrzr/go-util/collect/safe_list.go:168.54,172.2 3 1
github.com/yzrzr/go-util/collect/safe_list.go:174.40,178.2 3 1
github.com/yzrzr/go-util/collect/safe_list.go:180.44,184.2 3 1
github.com/yzrzr/go-util/collect/safe_list.go:186.54,190.2 3 1
github.com/yzrzr/go-util/collect/safe_list.go:192.65,196.2 3 1
github.com/yzrzr/go-util/collect/safe_list.go:198.63,202.2 3 1
github.com/yzrzr/go-util/collect/safe_list.go:204.39,208.2 3 1
github.com/yzrzr/go-util/collect/safe_list_iterator.go:28.88,35.2 2 1
github.com/yzrzr/go-util/collect/safe_list_iterator.go:45.46,49.2 3 1
github.com/yzrzr/go-util/collect/safe_list_iterator.go:51.55,56.2 3 1
github.com/yzrzr/go-util/collect/safe_list_iterator.go:58.46,61.15 3 1
github.com/yzrzr/go-util/collect/safe_list_iterator.go:61.15,63.3 1 1
github.com/yzrzr/go-util/collect/safe_list_iterator.go:65.2,65.12 1 1
github.com/yzrzr/go-util/collect/safe_list_iterator.go:65.12,69.3 3 1
github.com/yzrzr/go-util/collect/safe_list_iterator.go:70.2,70.32 1 1
github.com/yzrzr/go-util/collect/safe_list_iterator.go:73.74,77.2 3 1
github.com/yzrzr/go-util/collect/safe_list_iterator.go:79.50,83.2 3 1
github.com/yzrzr/go-util/collect/safe_list_iterator.go:85.59,89.2 3 1
github.com/yzrzr/go-util/collect/safe_list_iterator.go:91.47,95.2 3 1
github.com/yzrzr/go-util/collect/safe_list_iterator.go:97.51,101.2 3 1
github.com/yzrzr/go-util/collect/safe_list_iterator.go:103.39,107.11 4 1
github.com/yzrzr/go-util/collect/safe_list_iterator.go:107.11,109.3 1 1
github.com/yzrzr/go-util/collect/safe_list_iterator.go:109.8,111.3 1 1
github.com/yzrzr/go-util/collect/safe_list_iterator.go:112.2,112.18 1 1
github.com/yzrzr/go-util/collect/set.go:26.36,30.2 1 1
github.com/yzrzr/go-util/collect/set.go:32.44,34.25 2 1
github.com/yzrzr/go-util/collect/set.go:34.25,36.3 1 1
github.com/yzrzr/go-util/collect/set.go:37.2,37.12 1 1
github.com/yzrzr/go-util/collect/set_iterator.go:23.59,30.2 1 1
github.com/yzrzr/go-util/collect/set_iterator.go:40.41,42.2 1 1
github.com/yzrzr/go-util/collect/set_iterator.go:44.50,45.15 1 1
github.com/yzrzr/go-util/collect/set_iterator.go:45.15,48.3 2 1
github.com/yzrzr/go-util/collect/set_iterator.go:49.2,50.17 2 1
github.com/yzrzr/go-util/collect/set_iterator.go:50.17,53.3 2 1
github.com/yzrzr/go-util/collect/set_iterator.go:54.2,56.25 3 1
github.com/yzrzr/go-util/collect/set_iterator.go:59.41,60.15 1 1
github.com/yzrzr/go-util/collect/set_iterator.go:60.15,62.3 1 1
github.com/yzrzr/go-util/collect/set_iterator.go:63.2,63.19 1 1
github.com/yzrzr/go-util/collect/set_iterator.go:63.19,65.3 1 1
github.com/yzrzr/go-util/collect/set_iterator.go:66.2,68.12 3 1
github.com/yzrzr/go-util/collect/set_iterator.go:71.69,72.15 1 1
github.com/yzrzr/go-util/collect/set_iterator.go:72.15,74.3 1 1
github.com/yzrzr/go-util/collect/set_iterator.go:75.2,76.37 2 1
github.com/yzrzr/go-util/collect/set_iterator.go:76.37,78.17 2 1
github.com/yzrzr/go-util/collect/set_iterator.go:78.17,80.4 1 1
github.com/yzrzr/go-util/collect/set_iterator.go:82.2,82.12 1 1
github.com/yzrzr/go-util/collect/set_iterator.go:85.34,88.2 2 1
